<?xml version="1.0" encoding="UTF-8"?>
<!-- Generated by org.testng.reporters.JUnitReportReporter -->
<testsuite hostname="NHCLPT520" failures="0" tests="17" name="org.runner.Runner" time="808.069" errors="1" timestamp="21 Jun 2023 10:08:15 GMT" skipped="0">
  <testcase classname="org.runner.Runner" name="runScenario" time="28.897"/>
  <testcase classname="org.runner.Runner" name="runScenario" time="30.143"/>
  <testcase classname="org.runner.Runner" name="runScenario" time="78.901"/>
  <testcase classname="org.runner.Runner" name="runScenario" time="109.558"/>
  <testcase classname="org.runner.Runner" name="runScenario" time="37.366"/>
  <testcase classname="org.runner.Runner" name="runScenario" time="38.108"/>
  <testcase classname="org.runner.Runner" name="runScenario" time="21.329"/>
  <testcase classname="org.runner.Runner" name="runScenario" time="20.304"/>
  <testcase classname="org.runner.Runner" name="runScenario" time="25.560"/>
  <testcase classname="org.runner.Runner" name="runScenario" time="58.542"/>
  <testcase classname="org.runner.Runner" name="runScenario" time="33.987"/>
  <testcase classname="org.runner.Runner" name="runScenario" time="13.371"/>
  <testcase classname="org.runner.Runner" name="runScenario" time="154.352"/>
  <testcase classname="org.runner.Runner" name="runScenario" time="53.945"/>
  <testcase classname="org.runner.Runner" name="runScenario" time="30.250">
    <error message="no such element: Unable to locate element: {&quot;method&quot;:&quot;xpath&quot;,&quot;selector&quot;:&quot;//th[contains(@class,&#039;dataCell&#039;)]//following::a[contains(text(),&#039;Adobe&#039;)]&quot;}
  (Session info: chrome=114.0.5735.134)
For documentation on this error, please visit: https://www.seleniumhq.org/exceptions/no_such_element.html
Build info: version: &#039;3.141.59&#039;, revision: &#039;e82be7d358&#039;, time: &#039;2018-11-14T08:17:03&#039;
System info: host: &#039;NHCLPT520&#039;, ip: &#039;172.18.160.1&#039;, os.name: &#039;Windows 10&#039;, os.arch: &#039;amd64&#039;, os.version: &#039;10.0&#039;, java.version: &#039;16.0.2&#039;
Driver info: org.openqa.selenium.chrome.ChromeDriver
Capabilities {acceptInsecureCerts: false, browserName: chrome, browserVersion: 114.0.5735.134, chrome: {chromedriverVersion: 114.0.5735.90 (386bc09e8f4f..., userDataDir: C:\Users\400121~1.LNT\AppDa...}, goog:chromeOptions: {debuggerAddress: localhost:58271}, javascriptEnabled: true, networkConnectionEnabled: false, pageLoadStrategy: normal, platform: WINDOWS, platformName: WINDOWS, proxy: Proxy(), setWindowRect: true, strictFileInteractability: false, timeouts: {implicit: 0, pageLoad: 300000, script: 30000}, unhandledPromptBehavior: dismiss and notify, webauthn:extension:credBlob: true, webauthn:extension:largeBlob: true, webauthn:extension:minPinLength: true, webauthn:extension:prf: true, webauthn:virtualAuthenticators: true}
Session ID: d6e17ed58072fd42622692effa011cdc
*** Element info: {Using=xpath, value=//th[contains(@class,&#039;dataCell&#039;)]//following::a[contains(text(),&#039;Adobe&#039;)]}" type="org.openqa.selenium.NoSuchElementException">
      <![CDATA[org.openqa.selenium.NoSuchElementException: no such element: Unable to locate element: {"method":"xpath","selector":"//th[contains(@class,'dataCell')]//following::a[contains(text(),'Adobe')]"}
  (Session info: chrome=114.0.5735.134)
For documentation on this error, please visit: https://www.seleniumhq.org/exceptions/no_such_element.html
Build info: version: '3.141.59', revision: 'e82be7d358', time: '2018-11-14T08:17:03'
System info: host: 'NHCLPT520', ip: '172.18.160.1', os.name: 'Windows 10', os.arch: 'amd64', os.version: '10.0', java.version: '16.0.2'
Driver info: org.openqa.selenium.chrome.ChromeDriver
Capabilities {acceptInsecureCerts: false, browserName: chrome, browserVersion: 114.0.5735.134, chrome: {chromedriverVersion: 114.0.5735.90 (386bc09e8f4f..., userDataDir: C:\Users\400121~1.LNT\AppDa...}, goog:chromeOptions: {debuggerAddress: localhost:58271}, javascriptEnabled: true, networkConnectionEnabled: false, pageLoadStrategy: normal, platform: WINDOWS, platformName: WINDOWS, proxy: Proxy(), setWindowRect: true, strictFileInteractability: false, timeouts: {implicit: 0, pageLoad: 300000, script: 30000}, unhandledPromptBehavior: dismiss and notify, webauthn:extension:credBlob: true, webauthn:extension:largeBlob: true, webauthn:extension:minPinLength: true, webauthn:extension:prf: true, webauthn:virtualAuthenticators: true}
Session ID: d6e17ed58072fd42622692effa011cdc
*** Element info: {Using=xpath, value=//th[contains(@class,'dataCell')]//following::a[contains(text(),'Adobe')]}
at java.base/jdk.internal.reflect.NativeConstructorAccessorImpl.newInstance0(Native Method)
at java.base/jdk.internal.reflect.NativeConstructorAccessorImpl.newInstance(NativeConstructorAccessorImpl.java:78)
at java.base/jdk.internal.reflect.DelegatingConstructorAccessorImpl.newInstance(DelegatingConstructorAccessorImpl.java:45)
at java.base/java.lang.reflect.Constructor.newInstanceWithCaller(Constructor.java:499)
at java.base/java.lang.reflect.Constructor.newInstance(Constructor.java:480)
at org.openqa.selenium.remote.http.W3CHttpResponseCodec.createException(W3CHttpResponseCodec.java:187)
at org.openqa.selenium.remote.http.W3CHttpResponseCodec.decode(W3CHttpResponseCodec.java:122)
at org.openqa.selenium.remote.http.W3CHttpResponseCodec.decode(W3CHttpResponseCodec.java:49)
at org.openqa.selenium.remote.HttpCommandExecutor.execute(HttpCommandExecutor.java:158)
at org.openqa.selenium.remote.service.DriverCommandExecutor.execute(DriverCommandExecutor.java:83)
at org.openqa.selenium.remote.RemoteWebDriver.execute(RemoteWebDriver.java:552)
at org.openqa.selenium.remote.RemoteWebDriver.findElement(RemoteWebDriver.java:323)
at org.openqa.selenium.remote.RemoteWebDriver.findElementByXPath(RemoteWebDriver.java:428)
at org.openqa.selenium.By$ByXPath.findElement(By.java:353)
at org.openqa.selenium.remote.RemoteWebDriver.findElement(RemoteWebDriver.java:315)
at org.openqa.selenium.support.pagefactory.DefaultElementLocator.findElement(DefaultElementLocator.java:69)
at org.openqa.selenium.support.pagefactory.internal.LocatingElementHandler.invoke(LocatingElementHandler.java:38)
at jdk.proxy2/jdk.proxy2.$Proxy28.getText(Unknown Source)
at org.stepdefinition.Steps.validated_the_Company_details_in_Salesforce_Website_Using_US_Region(Steps.java:1817)
at ✽.Validated the Company details in Salesforce Website Using US Region(file:src/test/resources/Features/TC19_LinkedIn_And_Salesforce_Exported_Contact_Details_And_Company_Details_Adobe_Displayed.feature:6)
]]>
    </error>
  </testcase> <!-- runScenario -->
  <testcase classname="org.runner.Runner" name="runScenario" time="47.149"/>
  <testcase classname="org.runner.Runner" name="runScenario" time="26.307"/>
</testsuite> <!-- org.runner.Runner -->
